2022-04-26T04:52:47+00:00 KushLaptop#04 I: Start test public:3:public_expr_add1.
2022-04-26T04:52:47+00:00 KushLaptop#04 W: Skip test public:3:public_expr_add1: Test disabled.
2022-04-26T04:52:47+00:00 KushLaptop#04 I: End test public:3:public_expr_add1.
2022-04-26T04:52:47+00:00 KushLaptop#04 I: Start test public:7:public_expr_let_fun.
2022-04-26T04:52:47+00:00 KushLaptop#04 W: Skip test public:7:public_expr_let_fun: Test disabled.
2022-04-26T04:52:47+00:00 KushLaptop#04 I: End test public:7:public_expr_let_fun.
2022-04-26T04:52:47+00:00 KushLaptop#04 I: Start test public:11:public_rec_function_factorial.
2022-04-26T04:52:47+00:00 KushLaptop#04 W: Skip test public:11:public_rec_function_factorial: Test disabled.
2022-04-26T04:52:47+00:00 KushLaptop#04 I: End test public:11:public_rec_function_factorial.
2022-04-26T04:52:47+00:00 KushLaptop#04 I: Start test public:15:public_expr_simple_mult.
2022-04-26T04:52:47+00:00 KushLaptop#04 W: Skip test public:15:public_expr_simple_mult: Test disabled.
2022-04-26T04:52:47+00:00 KushLaptop#04 I: End test public:15:public_expr_simple_mult.
2022-04-26T04:52:47+00:00 KushLaptop#04 I: Start test public:19:public_expr_single_bool.
2022-04-26T04:52:47+00:00 KushLaptop#04 W: Skip test public:19:public_expr_single_bool: Test disabled.
2022-04-26T04:52:47+00:00 KushLaptop#04 I: End test public:19:public_expr_single_bool.
2022-04-26T04:52:47+00:00 KushLaptop#04 I: Start test public:23:public_expr_single_notequal.
2022-04-26T04:52:47+00:00 KushLaptop#04 W: Skip test public:23:public_expr_single_notequal: Test disabled.
2022-04-26T04:52:47+00:00 KushLaptop#04 I: End test public:23:public_expr_single_notequal.
2022-04-26T04:52:47+00:00 KushLaptop#04 I: Start test public:27:public_expr_single_string.
2022-04-26T04:52:47+00:00 KushLaptop#04 W: Skip test public:27:public_expr_single_string: Test disabled.
2022-04-26T04:52:47+00:00 KushLaptop#04 I: End test public:27:public_expr_single_string.
