2022-04-26T04:52:47+00:00 KushLaptop#03 I: Start test public:2:public_mutop_simple_def_and_let.
2022-04-26T04:52:47+00:00 KushLaptop#03 W: Skip test public:2:public_mutop_simple_def_and_let: Test disabled.
2022-04-26T04:52:47+00:00 KushLaptop#03 I: End test public:2:public_mutop_simple_def_and_let.
2022-04-26T04:52:47+00:00 KushLaptop#03 I: Start test public:6:public_expr_let_if.
2022-04-26T04:52:47+00:00 KushLaptop#03 W: Skip test public:6:public_expr_let_if: Test disabled.
2022-04-26T04:52:47+00:00 KushLaptop#03 I: End test public:6:public_expr_let_if.
2022-04-26T04:52:47+00:00 KushLaptop#03 I: Start test public:9:public_expr_nested_let.
2022-04-26T04:52:47+00:00 KushLaptop#03 W: Skip test public:9:public_expr_nested_let: Test disabled.
2022-04-26T04:52:47+00:00 KushLaptop#03 I: End test public:9:public_expr_nested_let.
2022-04-26T04:52:47+00:00 KushLaptop#03 I: Start test public:13:public_expr_simple_concat.
2022-04-26T04:52:47+00:00 KushLaptop#03 W: Skip test public:13:public_expr_simple_concat: Test disabled.
2022-04-26T04:52:47+00:00 KushLaptop#03 I: End test public:13:public_expr_simple_concat.
2022-04-26T04:52:47+00:00 KushLaptop#03 I: Start test public:18:public_expr_single_and.
2022-04-26T04:52:47+00:00 KushLaptop#03 W: Skip test public:18:public_expr_single_and: Test disabled.
2022-04-26T04:52:47+00:00 KushLaptop#03 I: End test public:18:public_expr_single_and.
2022-04-26T04:52:47+00:00 KushLaptop#03 I: Start test public:21:public_expr_single_if.
2022-04-26T04:52:47+00:00 KushLaptop#03 W: Skip test public:21:public_expr_single_if: Test disabled.
2022-04-26T04:52:47+00:00 KushLaptop#03 I: End test public:21:public_expr_single_if.
2022-04-26T04:52:47+00:00 KushLaptop#03 I: Start test public:26:public_expr_single_or.
2022-04-26T04:52:47+00:00 KushLaptop#03 W: Skip test public:26:public_expr_single_or: Test disabled.
2022-04-26T04:52:47+00:00 KushLaptop#03 I: End test public:26:public_expr_single_or.
2022-04-26T04:52:47+00:00 KushLaptop#03 I: Start test public:29:public_err_mutop_nested_def.
2022-04-26T04:52:47+00:00 KushLaptop#03 W: Skip test public:29:public_err_mutop_nested_def: Test disabled.
2022-04-26T04:52:47+00:00 KushLaptop#03 I: End test public:29:public_err_mutop_nested_def.
