2022-04-26T21:00:21+00:00 KushLaptop#00 I: Runner: processes
2022-04-26T21:00:21+00:00 KushLaptop#00 I: Chooser: simple
2022-04-26T21:00:21+00:00 KushLaptop#00 I: Configuration suite_name = "public"
2022-04-26T21:00:21+00:00 KushLaptop#00 I: Configuration cache_filename = "/mnt/c/users/kusha/documents/github/cmsc330/personalcode/project4a/_build/oUnit-$(suite_name).cache"
2022-04-26T21:00:21+00:00 KushLaptop#00 I: Configuration run_gc_full_major = "true"
2022-04-26T21:00:21+00:00 KushLaptop#00 I: Configuration display = "true"
2022-04-26T21:00:21+00:00 KushLaptop#00 I: Configuration results_style_1_X = "false"
2022-04-26T21:00:21+00:00 KushLaptop#00 I: Configuration testdata_dir = "none"
2022-04-26T21:00:21+00:00 KushLaptop#00 I: Configuration health_check_interval = "1."
2022-04-26T21:00:21+00:00 KushLaptop#00 I: Configuration verbose = "false"
2022-04-26T21:00:21+00:00 KushLaptop#00 I: Configuration chooser = "simple"
2022-04-26T21:00:21+00:00 KushLaptop#00 I: Configuration output_html_dir = "none"
2022-04-26T21:00:21+00:00 KushLaptop#00 I: Configuration processes_kill_period = "5."
2022-04-26T21:00:21+00:00 KushLaptop#00 I: Configuration runner = "processes"
2022-04-26T21:00:21+00:00 KushLaptop#00 I: Configuration shards = "4"
2022-04-26T21:00:21+00:00 KushLaptop#00 I: Configuration processes_grace_period = "5."
2022-04-26T21:00:21+00:00 KushLaptop#00 I: Configuration log_encoding = "utf-8"
2022-04-26T21:00:21+00:00 KushLaptop#00 I: Configuration output_junit_file = "none"
2022-04-26T21:00:21+00:00 KushLaptop#00 I: Configuration ci = "false"
2022-04-26T21:00:21+00:00 KushLaptop#00 I: Configuration output_file = "/mnt/c/users/kusha/documents/github/cmsc330/personalcode/project4a/_build/oUnit-$(suite_name)-$(shard_id).log"
2022-04-26T21:00:21+00:00 KushLaptop#00 I: Using 4 workers maximum.
2022-04-26T21:00:21+00:00 KushLaptop#00 I: Starting worker number KushLaptop#01.
2022-04-26T21:00:21+00:00 KushLaptop#00 I: Worker KushLaptop#01 started.
2022-04-26T21:00:21+00:00 KushLaptop#00 I: Starting worker number KushLaptop#02.
2022-04-26T21:00:21+00:00 KushLaptop#00 I: Worker KushLaptop#02 started.
2022-04-26T21:00:21+00:00 KushLaptop#00 I: Starting worker number KushLaptop#03.
2022-04-26T21:00:21+00:00 KushLaptop#00 I: Worker KushLaptop#03 started.
2022-04-26T21:00:21+00:00 KushLaptop#00 I: Starting worker number KushLaptop#04.
2022-04-26T21:00:21+00:00 KushLaptop#00 I: Worker KushLaptop#04 started.
2022-04-26T21:00:21+00:00 KushLaptop#00 I: 4 tests running: public:3:public_expr_add1, public:2:public_mutop_simple_def_and_let, public:1:public_mutop_pi_def, public:0:public_nothing.
2022-04-26T21:00:21+00:00 KushLaptop#01 I: Start test public:0:public_nothing.
2022-04-26T21:00:21+00:00 KushLaptop#00 I: 4 tests running: public:3:public_expr_add1, public:2:public_mutop_simple_def_and_let, public:1:public_mutop_pi_def, public:0:public_nothing.
2022-04-26T21:00:21+00:00 KushLaptop#01 W: Skip test public:0:public_nothing: Test disabled.
2022-04-26T21:00:21+00:00 KushLaptop#02 I: Start test public:1:public_mutop_pi_def.
2022-04-26T21:00:21+00:00 KushLaptop#00 I: 4 tests running: public:3:public_expr_add1, public:2:public_mutop_simple_def_and_let, public:1:public_mutop_pi_def, public:0:public_nothing.
2022-04-26T21:00:21+00:00 KushLaptop#01 I: End test public:0:public_nothing.
2022-04-26T21:00:21+00:00 KushLaptop#02 W: Skip test public:1:public_mutop_pi_def: Test disabled.
2022-04-26T21:00:21+00:00 KushLaptop#03 I: Start test public:2:public_mutop_simple_def_and_let.
2022-04-26T21:00:21+00:00 KushLaptop#00 I: 4 tests running: public:3:public_expr_add1, public:2:public_mutop_simple_def_and_let, public:1:public_mutop_pi_def, public:0:public_nothing.
2022-04-26T21:00:21+00:00 KushLaptop#02 I: End test public:1:public_mutop_pi_def.
2022-04-26T21:00:21+00:00 KushLaptop#03 W: Skip test public:2:public_mutop_simple_def_and_let: Test disabled.
2022-04-26T21:00:21+00:00 KushLaptop#04 I: Start test public:3:public_expr_add1.
2022-04-26T21:00:21+00:00 KushLaptop#00 I: 4 tests running: public:4:public_expr_apply, public:3:public_expr_add1, public:2:public_mutop_simple_def_and_let, public:1:public_mutop_pi_def.
2022-04-26T21:00:21+00:00 KushLaptop#03 I: End test public:2:public_mutop_simple_def_and_let.
2022-04-26T21:00:21+00:00 KushLaptop#04 W: Skip test public:3:public_expr_add1: Test disabled.
2022-04-26T21:00:21+00:00 KushLaptop#00 I: 4 tests running: public:5:public_expr_double_fun, public:4:public_expr_apply, public:3:public_expr_add1, public:2:public_mutop_simple_def_and_let.
2022-04-26T21:00:21+00:00 KushLaptop#04 I: End test public:3:public_expr_add1.
2022-04-26T21:00:21+00:00 KushLaptop#01 I: Start test public:4:public_expr_apply.
2022-04-26T21:00:21+00:00 KushLaptop#00 I: 4 tests running: public:6:public_expr_let_if, public:5:public_expr_double_fun, public:4:public_expr_apply, public:3:public_expr_add1.
2022-04-26T21:00:21+00:00 KushLaptop#01 W: Skip test public:4:public_expr_apply: Test disabled.
2022-04-26T21:00:21+00:00 KushLaptop#02 I: Start test public:5:public_expr_double_fun.
2022-04-26T21:00:21+00:00 KushLaptop#03 I: Start test public:6:public_expr_let_if.
2022-04-26T21:00:21+00:00 KushLaptop#00 I: 4 tests running: public:7:public_expr_let_fun, public:6:public_expr_let_if, public:5:public_expr_double_fun, public:4:public_expr_apply.
2022-04-26T21:00:21+00:00 KushLaptop#01 I: End test public:4:public_expr_apply.
2022-04-26T21:00:21+00:00 KushLaptop#02 W: Skip test public:5:public_expr_double_fun: Test disabled.
2022-04-26T21:00:21+00:00 KushLaptop#03 W: Skip test public:6:public_expr_let_if: Test disabled.
2022-04-26T21:00:21+00:00 KushLaptop#00 I: 4 tests running: public:7:public_expr_let_fun, public:6:public_expr_let_if, public:5:public_expr_double_fun, public:4:public_expr_apply.
2022-04-26T21:00:21+00:00 KushLaptop#02 I: End test public:5:public_expr_double_fun.
2022-04-26T21:00:21+00:00 KushLaptop#03 I: End test public:6:public_expr_let_if.
2022-04-26T21:00:21+00:00 KushLaptop#04 I: Start test public:7:public_expr_let_fun.
2022-04-26T21:00:21+00:00 KushLaptop#00 I: 4 tests running: public:8:public_expr_minus_one, public:7:public_expr_let_fun, public:6:public_expr_let_if, public:5:public_expr_double_fun.
2022-04-26T21:00:21+00:00 KushLaptop#04 W: Skip test public:7:public_expr_let_fun: Test disabled.
2022-04-26T21:00:21+00:00 KushLaptop#00 I: 4 tests running: public:10:public_expr_sub1, public:9:public_expr_nested_let, public:8:public_expr_minus_one, public:7:public_expr_let_fun.
2022-04-26T21:00:21+00:00 KushLaptop#04 I: End test public:7:public_expr_let_fun.
2022-04-26T21:00:21+00:00 KushLaptop#01 I: Start test public:8:public_expr_minus_one.
2022-04-26T21:00:21+00:00 KushLaptop#00 I: 4 tests running: public:10:public_expr_sub1, public:9:public_expr_nested_let, public:8:public_expr_minus_one, public:7:public_expr_let_fun.
2022-04-26T21:00:21+00:00 KushLaptop#01 W: Skip test public:8:public_expr_minus_one: Test disabled.
2022-04-26T21:00:21+00:00 KushLaptop#03 I: Start test public:9:public_expr_nested_let.
2022-04-26T21:00:21+00:00 KushLaptop#02 I: Start test public:10:public_expr_sub1.
2022-04-26T21:00:21+00:00 KushLaptop#00 I: 4 tests running: public:11:public_rec_function_factorial, public:10:public_expr_sub1, public:9:public_expr_nested_let, public:8:public_expr_minus_one.
2022-04-26T21:00:21+00:00 KushLaptop#01 I: End test public:8:public_expr_minus_one.
2022-04-26T21:00:21+00:00 KushLaptop#03 W: Skip test public:9:public_expr_nested_let: Test disabled.
2022-04-26T21:00:21+00:00 KushLaptop#02 W: Skip test public:10:public_expr_sub1: Test disabled.
2022-04-26T21:00:21+00:00 KushLaptop#00 I: 4 tests running: public:11:public_rec_function_factorial, public:10:public_expr_sub1, public:9:public_expr_nested_let, public:8:public_expr_minus_one.
2022-04-26T21:00:21+00:00 KushLaptop#03 I: End test public:9:public_expr_nested_let.
2022-04-26T21:00:21+00:00 KushLaptop#02 I: End test public:10:public_expr_sub1.
2022-04-26T21:00:21+00:00 KushLaptop#04 I: Start test public:11:public_rec_function_factorial.
2022-04-26T21:00:21+00:00 KushLaptop#00 I: 4 tests running: public:12:public_expr_simple_equal, public:11:public_rec_function_factorial, public:10:public_expr_sub1, public:9:public_expr_nested_let.
2022-04-26T21:00:21+00:00 KushLaptop#04 W: Skip test public:11:public_rec_function_factorial: Test disabled.
2022-04-26T21:00:21+00:00 KushLaptop#00 I: 4 tests running: public:14:public_expr_simple_div, public:13:public_expr_simple_concat, public:12:public_expr_simple_equal, public:11:public_rec_function_factorial.
2022-04-26T21:00:21+00:00 KushLaptop#04 I: End test public:11:public_rec_function_factorial.
2022-04-26T21:00:21+00:00 KushLaptop#01 I: Start test public:12:public_expr_simple_equal.
2022-04-26T21:00:21+00:00 KushLaptop#00 I: 4 tests running: public:14:public_expr_simple_div, public:13:public_expr_simple_concat, public:12:public_expr_simple_equal, public:11:public_rec_function_factorial.
2022-04-26T21:00:21+00:00 KushLaptop#01 W: Skip test public:12:public_expr_simple_equal: Test disabled.
2022-04-26T21:00:21+00:00 KushLaptop#02 I: Start test public:13:public_expr_simple_concat.
2022-04-26T21:00:21+00:00 KushLaptop#03 I: Start test public:14:public_expr_simple_div.
2022-04-26T21:00:21+00:00 KushLaptop#00 I: 4 tests running: public:15:public_expr_simple_mult, public:14:public_expr_simple_div, public:13:public_expr_simple_concat, public:12:public_expr_simple_equal.
2022-04-26T21:00:21+00:00 KushLaptop#01 I: End test public:12:public_expr_simple_equal.
2022-04-26T21:00:21+00:00 KushLaptop#02 E: Test public:13:public_expr_simple_concat has failed.
2022-04-26T21:00:21+00:00 KushLaptop#02 E: public_simple_concat
2022-04-26T21:00:21+00:00 KushLaptop#02 E: not equal in test public:13:public_expr_simple_concat.
2022-04-26T21:00:21+00:00 KushLaptop#02 E: Raised at OUnitAssert.assert_failure in file "src/lib/ounit2/advanced/oUnitAssert.ml", line 45, characters 2-27
2022-04-26T21:00:21+00:00 KushLaptop#02 E: Called from OUnitRunner.run_one_test.(fun) in file "src/lib/ounit2/advanced/oUnitRunner.ml", line 83, characters 13-26
2022-04-26T21:00:21+00:00 KushLaptop#02 E: 
2022-04-26T21:00:21+00:00 KushLaptop#03 W: Skip test public:14:public_expr_simple_div: Test disabled.
2022-04-26T21:00:21+00:00 KushLaptop#00 I: 4 tests running: public:15:public_expr_simple_mult, public:14:public_expr_simple_div, public:13:public_expr_simple_concat, public:12:public_expr_simple_equal.
2022-04-26T21:00:21+00:00 KushLaptop#02 I: End test public:13:public_expr_simple_concat.
2022-04-26T21:00:21+00:00 KushLaptop#03 I: End test public:14:public_expr_simple_div.
2022-04-26T21:00:21+00:00 KushLaptop#04 I: Start test public:15:public_expr_simple_mult.
2022-04-26T21:00:21+00:00 KushLaptop#00 I: 4 tests running: public:16:public_expr_simple_sub, public:15:public_expr_simple_mult, public:14:public_expr_simple_div, public:13:public_expr_simple_concat.
2022-04-26T21:00:21+00:00 KushLaptop#04 W: Skip test public:15:public_expr_simple_mult: Test disabled.
2022-04-26T21:00:21+00:00 KushLaptop#01 I: Start test public:16:public_expr_simple_sub.
2022-04-26T21:00:21+00:00 KushLaptop#00 I: 4 tests running: public:18:public_expr_single_and, public:17:public_expr_simple_sum, public:16:public_expr_simple_sub, public:15:public_expr_simple_mult.
2022-04-26T21:00:21+00:00 KushLaptop#04 I: End test public:15:public_expr_simple_mult.
2022-04-26T21:00:21+00:00 KushLaptop#01 W: Skip test public:16:public_expr_simple_sub: Test disabled.
2022-04-26T21:00:21+00:00 KushLaptop#00 I: 4 tests running: public:18:public_expr_single_and, public:17:public_expr_simple_sum, public:16:public_expr_simple_sub, public:15:public_expr_simple_mult.
2022-04-26T21:00:21+00:00 KushLaptop#01 I: End test public:16:public_expr_simple_sub.
2022-04-26T21:00:21+00:00 KushLaptop#03 I: Start test public:17:public_expr_simple_sum.
2022-04-26T21:00:21+00:00 KushLaptop#02 I: Start test public:18:public_expr_single_and.
2022-04-26T21:00:21+00:00 KushLaptop#00 I: 4 tests running: public:19:public_expr_single_bool, public:18:public_expr_single_and, public:17:public_expr_simple_sum, public:16:public_expr_simple_sub.
2022-04-26T21:00:21+00:00 KushLaptop#03 W: Skip test public:17:public_expr_simple_sum: Test disabled.
2022-04-26T21:00:21+00:00 KushLaptop#02 W: Skip test public:18:public_expr_single_and: Test disabled.
2022-04-26T21:00:21+00:00 KushLaptop#04 I: Start test public:19:public_expr_single_bool.
2022-04-26T21:00:21+00:00 KushLaptop#00 I: 4 tests running: public:20:public_expr_single_fun, public:19:public_expr_single_bool, public:18:public_expr_single_and, public:17:public_expr_simple_sum.
2022-04-26T21:00:21+00:00 KushLaptop#03 I: End test public:17:public_expr_simple_sum.
2022-04-26T21:00:21+00:00 KushLaptop#02 I: End test public:18:public_expr_single_and.
2022-04-26T21:00:21+00:00 KushLaptop#04 W: Skip test public:19:public_expr_single_bool: Test disabled.
2022-04-26T21:00:21+00:00 KushLaptop#00 I: 4 tests running: public:20:public_expr_single_fun, public:19:public_expr_single_bool, public:18:public_expr_single_and, public:17:public_expr_simple_sum.
2022-04-26T21:00:21+00:00 KushLaptop#04 I: End test public:19:public_expr_single_bool.
2022-04-26T21:00:21+00:00 KushLaptop#01 I: Start test public:20:public_expr_single_fun.
2022-04-26T21:00:21+00:00 KushLaptop#00 I: 4 tests running: public:22:public_expr_single_let, public:21:public_expr_single_if, public:20:public_expr_single_fun, public:19:public_expr_single_bool.
2022-04-26T21:00:21+00:00 KushLaptop#01 W: Skip test public:20:public_expr_single_fun: Test disabled.
2022-04-26T21:00:21+00:00 KushLaptop#00 I: 4 tests running: public:23:public_expr_single_notequal, public:22:public_expr_single_let, public:21:public_expr_single_if, public:20:public_expr_single_fun.
2022-04-26T21:00:21+00:00 KushLaptop#01 I: End test public:20:public_expr_single_fun.
2022-04-26T21:00:21+00:00 KushLaptop#02 I: Start test public:21:public_expr_single_if.
2022-04-26T21:00:21+00:00 KushLaptop#03 I: Start test public:22:public_expr_single_let.
2022-04-26T21:00:21+00:00 KushLaptop#00 I: 4 tests running: public:23:public_expr_single_notequal, public:22:public_expr_single_let, public:21:public_expr_single_if, public:20:public_expr_single_fun.
2022-04-26T21:00:21+00:00 KushLaptop#02 W: Skip test public:21:public_expr_single_if: Test disabled.
2022-04-26T21:00:21+00:00 KushLaptop#03 W: Skip test public:22:public_expr_single_let: Test disabled.
2022-04-26T21:00:21+00:00 KushLaptop#04 I: Start test public:23:public_expr_single_notequal.
2022-04-26T21:00:21+00:00 KushLaptop#00 I: 4 tests running: public:24:public_expr_single_not, public:23:public_expr_single_notequal, public:22:public_expr_single_let, public:21:public_expr_single_if.
2022-04-26T21:00:21+00:00 KushLaptop#02 I: End test public:21:public_expr_single_if.
2022-04-26T21:00:21+00:00 KushLaptop#03 I: End test public:22:public_expr_single_let.
2022-04-26T21:00:21+00:00 KushLaptop#04 W: Skip test public:23:public_expr_single_notequal: Test disabled.
2022-04-26T21:00:21+00:00 KushLaptop#00 I: 4 tests running: public:24:public_expr_single_not, public:23:public_expr_single_notequal, public:22:public_expr_single_let, public:21:public_expr_single_if.
2022-04-26T21:00:21+00:00 KushLaptop#04 I: End test public:23:public_expr_single_notequal.
2022-04-26T21:00:21+00:00 KushLaptop#01 I: Start test public:24:public_expr_single_not.
2022-04-26T21:00:21+00:00 KushLaptop#00 I: 4 tests running: public:26:public_expr_single_or, public:25:public_expr_single_number, public:24:public_expr_single_not, public:23:public_expr_single_notequal.
2022-04-26T21:00:21+00:00 KushLaptop#01 W: Skip test public:24:public_expr_single_not: Test disabled.
2022-04-26T21:00:21+00:00 KushLaptop#03 I: Start test public:25:public_expr_single_number.
2022-04-26T21:00:21+00:00 KushLaptop#02 I: Start test public:26:public_expr_single_or.
2022-04-26T21:00:21+00:00 KushLaptop#00 I: 4 tests running: public:27:public_expr_single_string, public:26:public_expr_single_or, public:25:public_expr_single_number, public:24:public_expr_single_not.
2022-04-26T21:00:21+00:00 KushLaptop#01 I: End test public:24:public_expr_single_not.
2022-04-26T21:00:21+00:00 KushLaptop#03 W: Skip test public:25:public_expr_single_number: Test disabled.
2022-04-26T21:00:21+00:00 KushLaptop#02 W: Skip test public:26:public_expr_single_or: Test disabled.
2022-04-26T21:00:21+00:00 KushLaptop#00 I: 4 tests running: public:27:public_expr_single_string, public:26:public_expr_single_or, public:25:public_expr_single_number, public:24:public_expr_single_not.
2022-04-26T21:00:21+00:00 KushLaptop#03 I: End test public:25:public_expr_single_number.
2022-04-26T21:00:21+00:00 KushLaptop#02 I: End test public:26:public_expr_single_or.
2022-04-26T21:00:21+00:00 KushLaptop#04 I: Start test public:27:public_expr_single_string.
2022-04-26T21:00:21+00:00 KushLaptop#00 I: 4 tests running: public:28:public_err_def_not_top_level, public:27:public_expr_single_string, public:26:public_expr_single_or, public:25:public_expr_single_number.
2022-04-26T21:00:21+00:00 KushLaptop#04 W: Skip test public:27:public_expr_single_string: Test disabled.
2022-04-26T21:00:21+00:00 KushLaptop#00 I: Still 3 tests running : public:29:public_err_mutop_nested_def, public:28:public_err_def_not_top_level, public:27:public_expr_single_string.
2022-04-26T21:00:21+00:00 KushLaptop#00 I: 3 tests running: public:29:public_err_mutop_nested_def, public:28:public_err_def_not_top_level, public:27:public_expr_single_string.
2022-04-26T21:00:21+00:00 KushLaptop#04 I: End test public:27:public_expr_single_string.
2022-04-26T21:00:21+00:00 KushLaptop#01 I: Start test public:28:public_err_def_not_top_level.
2022-04-26T21:00:21+00:00 KushLaptop#02 I: Start test public:29:public_err_mutop_nested_def.
2022-04-26T21:00:21+00:00 KushLaptop#00 I: Still 3 tests running : public:29:public_err_mutop_nested_def, public:28:public_err_def_not_top_level, public:27:public_expr_single_string.
2022-04-26T21:00:21+00:00 KushLaptop#00 I: 3 tests running: public:29:public_err_mutop_nested_def, public:28:public_err_def_not_top_level, public:27:public_expr_single_string.
2022-04-26T21:00:21+00:00 KushLaptop#01 W: Skip test public:28:public_err_def_not_top_level: Test disabled.
2022-04-26T21:00:21+00:00 KushLaptop#02 W: Skip test public:29:public_err_mutop_nested_def: Test disabled.
2022-04-26T21:00:21+00:00 KushLaptop#00 I: Still 2 tests running : public:29:public_err_mutop_nested_def, public:28:public_err_def_not_top_level.
2022-04-26T21:00:21+00:00 KushLaptop#00 I: 2 tests running: public:29:public_err_mutop_nested_def, public:28:public_err_def_not_top_level.
2022-04-26T21:00:21+00:00 KushLaptop#01 I: End test public:28:public_err_def_not_top_level.
2022-04-26T21:00:21+00:00 KushLaptop#02 I: End test public:29:public_err_mutop_nested_def.
2022-04-26T21:00:21+00:00 KushLaptop#00 I: Still 2 tests running : public:29:public_err_mutop_nested_def, public:28:public_err_def_not_top_level.
2022-04-26T21:00:21+00:00 KushLaptop#00 I: 2 tests running: public:29:public_err_mutop_nested_def, public:28:public_err_def_not_top_level.
2022-04-26T21:00:21+00:00 KushLaptop#00 I: 0 tests running: .
2022-04-26T21:00:21+00:00 KushLaptop#00 I: Worker KushLaptop#03 has ended.
2022-04-26T21:00:21+00:00 KushLaptop#00 I: Worker KushLaptop#04 has ended.
2022-04-26T21:00:21+00:00 KushLaptop#00 I: Worker KushLaptop#01 has ended.
2022-04-26T21:00:21+00:00 KushLaptop#00 I: Worker KushLaptop#02 has ended.
2022-04-26T21:00:21+00:00 KushLaptop#00 I: Used 4 worker during test execution.
2022-04-26T21:00:21+00:00 KushLaptop#00 I: Run 7 tests with shard KushLaptop#04.
2022-04-26T21:00:21+00:00 KushLaptop#00 I: Run 8 tests with shard KushLaptop#01.
2022-04-26T21:00:21+00:00 KushLaptop#00 I: Run 8 tests with shard KushLaptop#02.
2022-04-26T21:00:21+00:00 KushLaptop#00 I: Run 7 tests with shard KushLaptop#03.
2022-04-26T21:00:21+00:00 KushLaptop#00 I: Check health of shard KushLaptop#04, 3 times.
2022-04-26T21:00:21+00:00 KushLaptop#00 I: Check health of shard KushLaptop#02, 1 times.
2022-04-26T21:00:21+00:00 KushLaptop#00 I: Check health of shard KushLaptop#01, 1 times.
2022-04-26T21:00:21+00:00 KushLaptop#00 I: Check health of shard KushLaptop#03, 5 times.
2022-04-26T21:00:21+00:00 KushLaptop#00 I: ==============
2022-04-26T21:00:21+00:00 KushLaptop#00 I: Summary:
2022-04-26T21:00:21+00:00 KushLaptop#00 W: Skip test public:29:public_err_mutop_nested_def: Test disabled.
2022-04-26T21:00:21+00:00 KushLaptop#00 W: Skip test public:28:public_err_def_not_top_level: Test disabled.
2022-04-26T21:00:21+00:00 KushLaptop#00 W: Skip test public:27:public_expr_single_string: Test disabled.
2022-04-26T21:00:21+00:00 KushLaptop#00 W: Skip test public:26:public_expr_single_or: Test disabled.
2022-04-26T21:00:21+00:00 KushLaptop#00 W: Skip test public:25:public_expr_single_number: Test disabled.
2022-04-26T21:00:21+00:00 KushLaptop#00 W: Skip test public:24:public_expr_single_not: Test disabled.
2022-04-26T21:00:21+00:00 KushLaptop#00 W: Skip test public:23:public_expr_single_notequal: Test disabled.
2022-04-26T21:00:21+00:00 KushLaptop#00 W: Skip test public:22:public_expr_single_let: Test disabled.
2022-04-26T21:00:21+00:00 KushLaptop#00 W: Skip test public:21:public_expr_single_if: Test disabled.
2022-04-26T21:00:21+00:00 KushLaptop#00 W: Skip test public:20:public_expr_single_fun: Test disabled.
2022-04-26T21:00:21+00:00 KushLaptop#00 W: Skip test public:19:public_expr_single_bool: Test disabled.
2022-04-26T21:00:21+00:00 KushLaptop#00 W: Skip test public:18:public_expr_single_and: Test disabled.
2022-04-26T21:00:21+00:00 KushLaptop#00 W: Skip test public:17:public_expr_simple_sum: Test disabled.
2022-04-26T21:00:21+00:00 KushLaptop#00 W: Skip test public:16:public_expr_simple_sub: Test disabled.
2022-04-26T21:00:21+00:00 KushLaptop#00 W: Skip test public:15:public_expr_simple_mult: Test disabled.
2022-04-26T21:00:21+00:00 KushLaptop#00 W: Skip test public:14:public_expr_simple_div: Test disabled.
2022-04-26T21:00:21+00:00 KushLaptop#00 E: Test public:13:public_expr_simple_concat has failed.
2022-04-26T21:00:21+00:00 KushLaptop#00 E: public_simple_concat
2022-04-26T21:00:21+00:00 KushLaptop#00 E: not equal in test public:13:public_expr_simple_concat.
2022-04-26T21:00:21+00:00 KushLaptop#00 E: Raised at OUnitAssert.assert_failure in file "src/lib/ounit2/advanced/oUnitAssert.ml", line 45, characters 2-27
2022-04-26T21:00:21+00:00 KushLaptop#00 E: Called from OUnitRunner.run_one_test.(fun) in file "src/lib/ounit2/advanced/oUnitRunner.ml", line 83, characters 13-26
2022-04-26T21:00:21+00:00 KushLaptop#00 E: 
2022-04-26T21:00:21+00:00 KushLaptop#00 W: Skip test public:12:public_expr_simple_equal: Test disabled.
2022-04-26T21:00:21+00:00 KushLaptop#00 W: Skip test public:11:public_rec_function_factorial: Test disabled.
2022-04-26T21:00:21+00:00 KushLaptop#00 W: Skip test public:10:public_expr_sub1: Test disabled.
2022-04-26T21:00:21+00:00 KushLaptop#00 W: Skip test public:9:public_expr_nested_let: Test disabled.
2022-04-26T21:00:21+00:00 KushLaptop#00 W: Skip test public:8:public_expr_minus_one: Test disabled.
2022-04-26T21:00:21+00:00 KushLaptop#00 W: Skip test public:7:public_expr_let_fun: Test disabled.
2022-04-26T21:00:21+00:00 KushLaptop#00 W: Skip test public:6:public_expr_let_if: Test disabled.
2022-04-26T21:00:21+00:00 KushLaptop#00 W: Skip test public:5:public_expr_double_fun: Test disabled.
2022-04-26T21:00:21+00:00 KushLaptop#00 W: Skip test public:4:public_expr_apply: Test disabled.
2022-04-26T21:00:21+00:00 KushLaptop#00 W: Skip test public:3:public_expr_add1: Test disabled.
2022-04-26T21:00:21+00:00 KushLaptop#00 W: Skip test public:2:public_mutop_simple_def_and_let: Test disabled.
2022-04-26T21:00:21+00:00 KushLaptop#00 W: Skip test public:1:public_mutop_pi_def: Test disabled.
2022-04-26T21:00:21+00:00 KushLaptop#00 W: Skip test public:0:public_nothing: Test disabled.
2022-04-26T21:00:21+00:00 KushLaptop#00 I: Ran: 30 tests in: 0.15 seconds.
2022-04-26T21:00:21+00:00 KushLaptop#00 I: Cases: 30.
2022-04-26T21:00:21+00:00 KushLaptop#00 I: Tried: 30.
2022-04-26T21:00:21+00:00 KushLaptop#00 I: Errors: 0.
2022-04-26T21:00:21+00:00 KushLaptop#00 I: Failures: 1.
2022-04-26T21:00:21+00:00 KushLaptop#00 I: Skip: 29.
2022-04-26T21:00:21+00:00 KushLaptop#00 I: Todo: 0.
2022-04-26T21:00:21+00:00 KushLaptop#00 I: Timeout: 0.
