2022-04-26T04:52:47+00:00 KushLaptop#02 I: Start test public:1:public_mutop_pi_def.
2022-04-26T04:52:47+00:00 KushLaptop#02 W: Skip test public:1:public_mutop_pi_def: Test disabled.
2022-04-26T04:52:47+00:00 KushLaptop#02 I: End test public:1:public_mutop_pi_def.
2022-04-26T04:52:47+00:00 KushLaptop#02 I: Start test public:5:public_expr_double_fun.
2022-04-26T04:52:47+00:00 KushLaptop#02 W: Skip test public:5:public_expr_double_fun: Test disabled.
2022-04-26T04:52:47+00:00 KushLaptop#02 I: End test public:5:public_expr_double_fun.
2022-04-26T04:52:47+00:00 KushLaptop#02 I: Start test public:10:public_expr_sub1.
2022-04-26T04:52:47+00:00 KushLaptop#02 W: Skip test public:10:public_expr_sub1: Test disabled.
2022-04-26T04:52:47+00:00 KushLaptop#02 I: End test public:10:public_expr_sub1.
2022-04-26T04:52:47+00:00 KushLaptop#02 I: Start test public:14:public_expr_simple_div.
2022-04-26T04:52:47+00:00 KushLaptop#02 W: Skip test public:14:public_expr_simple_div: Test disabled.
2022-04-26T04:52:47+00:00 KushLaptop#02 I: End test public:14:public_expr_simple_div.
2022-04-26T04:52:47+00:00 KushLaptop#02 I: Start test public:17:public_expr_simple_sum.
2022-04-26T04:52:47+00:00 KushLaptop#02 W: Skip test public:17:public_expr_simple_sum: Test disabled.
2022-04-26T04:52:47+00:00 KushLaptop#02 I: End test public:17:public_expr_simple_sum.
2022-04-26T04:52:47+00:00 KushLaptop#02 I: Start test public:22:public_expr_single_let.
2022-04-26T04:52:47+00:00 KushLaptop#02 W: Skip test public:22:public_expr_single_let: Test disabled.
2022-04-26T04:52:47+00:00 KushLaptop#02 I: End test public:22:public_expr_single_let.
2022-04-26T04:52:47+00:00 KushLaptop#02 I: Start test public:25:public_expr_single_number.
2022-04-26T04:52:47+00:00 KushLaptop#02 W: Skip test public:25:public_expr_single_number: Test disabled.
2022-04-26T04:52:47+00:00 KushLaptop#02 I: End test public:25:public_expr_single_number.
