2022-04-27T03:20:31+00:00 KushLaptop#03 I: Start test public:2:public_mutop_simple_def_and_let.
2022-04-27T03:20:31+00:00 KushLaptop#03 W: Skip test public:2:public_mutop_simple_def_and_let: Test disabled.
2022-04-27T03:20:31+00:00 KushLaptop#03 I: End test public:2:public_mutop_simple_def_and_let.
2022-04-27T03:20:31+00:00 KushLaptop#03 I: Start test public:6:public_expr_let_if.
2022-04-27T03:20:31+00:00 KushLaptop#03 W: Skip test public:6:public_expr_let_if: Test disabled.
2022-04-27T03:20:31+00:00 KushLaptop#03 I: End test public:6:public_expr_let_if.
2022-04-27T03:20:31+00:00 KushLaptop#03 I: Start test public:10:public_expr_simple_equal.
2022-04-27T03:20:31+00:00 KushLaptop#03 W: Skip test public:10:public_expr_simple_equal: Test disabled.
2022-04-27T03:20:31+00:00 KushLaptop#03 I: End test public:10:public_expr_simple_equal.
2022-04-27T03:20:31+00:00 KushLaptop#03 I: Start test public:14:public_expr_simple_sub.
2022-04-27T03:20:31+00:00 KushLaptop#03 W: Skip test public:14:public_expr_simple_sub: Test disabled.
2022-04-27T03:20:31+00:00 KushLaptop#03 I: End test public:14:public_expr_simple_sub.
2022-04-27T03:20:31+00:00 KushLaptop#03 I: Start test public:18:public_expr_single_fun.
2022-04-27T03:20:31+00:00 KushLaptop#03 W: Skip test public:18:public_expr_single_fun: Test disabled.
2022-04-27T03:20:31+00:00 KushLaptop#03 I: End test public:18:public_expr_single_fun.
2022-04-27T03:20:31+00:00 KushLaptop#03 I: Start test public:21:public_expr_single_notequal.
2022-04-27T03:20:31+00:00 KushLaptop#03 W: Skip test public:21:public_expr_single_notequal: Test disabled.
2022-04-27T03:20:31+00:00 KushLaptop#03 I: End test public:21:public_expr_single_notequal.
2022-04-27T03:20:31+00:00 KushLaptop#03 I: Start test public:25:public_expr_single_string.
2022-04-27T03:20:31+00:00 KushLaptop#03 W: Skip test public:25:public_expr_single_string: Test disabled.
2022-04-27T03:20:31+00:00 KushLaptop#03 I: End test public:25:public_expr_single_string.
2022-04-27T03:20:31+00:00 KushLaptop#03 I: Start test public:27:public_mutop_factorial.
2022-04-27T03:20:31+00:00 KushLaptop#03 W: Skip test public:27:public_mutop_factorial: Test disabled.
2022-04-27T03:20:31+00:00 KushLaptop#03 I: End test public:27:public_mutop_factorial.
