2022-04-27T03:20:31+00:00 KushLaptop#04 I: Start test public:3:public_expr_add1.
2022-04-27T03:20:31+00:00 KushLaptop#04 W: Skip test public:3:public_expr_add1: Test disabled.
2022-04-27T03:20:31+00:00 KushLaptop#04 I: End test public:3:public_expr_add1.
2022-04-27T03:20:31+00:00 KushLaptop#04 I: Start test public:7:public_expr_let_fun.
2022-04-27T03:20:31+00:00 KushLaptop#04 W: Skip test public:7:public_expr_let_fun: Test disabled.
2022-04-27T03:20:31+00:00 KushLaptop#04 I: End test public:7:public_expr_let_fun.
2022-04-27T03:20:31+00:00 KushLaptop#04 I: Start test public:11:public_expr_simple_concat.
2022-04-27T03:20:31+00:00 KushLaptop#04 W: Skip test public:11:public_expr_simple_concat: Test disabled.
2022-04-27T03:20:31+00:00 KushLaptop#04 I: End test public:11:public_expr_simple_concat.
2022-04-27T03:20:31+00:00 KushLaptop#04 I: Start test public:15:public_expr_simple_sum.
2022-04-27T03:20:31+00:00 KushLaptop#04 W: Skip test public:15:public_expr_simple_sum: Test disabled.
2022-04-27T03:20:31+00:00 KushLaptop#04 I: End test public:15:public_expr_simple_sum.
2022-04-27T03:20:31+00:00 KushLaptop#04 I: Start test public:19:public_expr_single_if.
2022-04-27T03:20:31+00:00 KushLaptop#04 W: Skip test public:19:public_expr_single_if: Test disabled.
2022-04-27T03:20:31+00:00 KushLaptop#04 I: End test public:19:public_expr_single_if.
2022-04-27T03:20:31+00:00 KushLaptop#04 I: Start test public:24:public_expr_single_or.
2022-04-27T03:20:31+00:00 KushLaptop#04 W: Skip test public:24:public_expr_single_or: Test disabled.
2022-04-27T03:20:31+00:00 KushLaptop#04 I: End test public:24:public_expr_single_or.
2022-04-27T03:20:31+00:00 KushLaptop#04 I: Start test public:28:public_mutop_nonempty_env.
2022-04-27T03:20:31+00:00 KushLaptop#04 W: Skip test public:28:public_mutop_nonempty_env: Test disabled.
2022-04-27T03:20:31+00:00 KushLaptop#04 I: End test public:28:public_mutop_nonempty_env.
