2022-04-27T03:20:31+00:00 KushLaptop#01 I: Start test public:0:public_nothing.
2022-04-27T03:20:31+00:00 KushLaptop#01 W: Skip test public:0:public_nothing: Test disabled.
2022-04-27T03:20:31+00:00 KushLaptop#01 I: End test public:0:public_nothing.
2022-04-27T03:20:31+00:00 KushLaptop#01 I: Start test public:5:public_expr_double_fun.
2022-04-27T03:20:31+00:00 KushLaptop#01 W: Skip test public:5:public_expr_double_fun: Test disabled.
2022-04-27T03:20:31+00:00 KushLaptop#01 I: End test public:5:public_expr_double_fun.
2022-04-27T03:20:31+00:00 KushLaptop#01 I: Start test public:9:public_expr_nested_let.
2022-04-27T03:20:31+00:00 KushLaptop#01 W: Skip test public:9:public_expr_nested_let: Test disabled.
2022-04-27T03:20:31+00:00 KushLaptop#01 I: End test public:9:public_expr_nested_let.
2022-04-27T03:20:31+00:00 KushLaptop#01 I: Start test public:12:public_expr_simple_div.
2022-04-27T03:20:31+00:00 KushLaptop#01 W: Skip test public:12:public_expr_simple_div: Test disabled.
2022-04-27T03:20:31+00:00 KushLaptop#01 I: End test public:12:public_expr_simple_div.
2022-04-27T03:20:31+00:00 KushLaptop#01 I: Start test public:17:public_expr_single_bool.
2022-04-27T03:20:31+00:00 KushLaptop#01 W: Skip test public:17:public_expr_single_bool: Test disabled.
2022-04-27T03:20:31+00:00 KushLaptop#01 I: End test public:17:public_expr_single_bool.
2022-04-27T03:20:31+00:00 KushLaptop#01 I: Start test public:22:public_expr_single_not.
2022-04-27T03:20:31+00:00 KushLaptop#01 W: Skip test public:22:public_expr_single_not: Test disabled.
2022-04-27T03:20:31+00:00 KushLaptop#01 I: End test public:22:public_expr_single_not.
2022-04-27T03:20:31+00:00 KushLaptop#01 I: Start test public:26:public_err_div_by_zero.
2022-04-27T03:20:31+00:00 KushLaptop#01 W: Skip test public:26:public_err_div_by_zero: Test disabled.
2022-04-27T03:20:31+00:00 KushLaptop#01 I: End test public:26:public_err_div_by_zero.
