2022-04-06T03:58:34+00:00 KushLaptop#00 I: Runner: processes
2022-04-06T03:58:34+00:00 KushLaptop#00 I: Chooser: simple
2022-04-06T03:58:34+00:00 KushLaptop#00 I: Configuration suite_name = "public"
2022-04-06T03:58:34+00:00 KushLaptop#00 I: Configuration cache_filename = "/mnt/c/users/kusha/documents/github/cmsc330/personalcode/project3/_build/oUnit-$(suite_name).cache"
2022-04-06T03:58:34+00:00 KushLaptop#00 I: Configuration run_gc_full_major = "true"
2022-04-06T03:58:34+00:00 KushLaptop#00 I: Configuration display = "true"
2022-04-06T03:58:34+00:00 KushLaptop#00 I: Configuration results_style_1_X = "false"
2022-04-06T03:58:34+00:00 KushLaptop#00 I: Configuration testdata_dir = "none"
2022-04-06T03:58:34+00:00 KushLaptop#00 I: Configuration health_check_interval = "1."
2022-04-06T03:58:34+00:00 KushLaptop#00 I: Configuration verbose = "false"
2022-04-06T03:58:34+00:00 KushLaptop#00 I: Configuration chooser = "simple"
2022-04-06T03:58:34+00:00 KushLaptop#00 I: Configuration output_html_dir = "none"
2022-04-06T03:58:34+00:00 KushLaptop#00 I: Configuration processes_kill_period = "5."
2022-04-06T03:58:34+00:00 KushLaptop#00 I: Configuration runner = "processes"
2022-04-06T03:58:34+00:00 KushLaptop#00 I: Configuration shards = "4"
2022-04-06T03:58:34+00:00 KushLaptop#00 I: Configuration processes_grace_period = "5."
2022-04-06T03:58:34+00:00 KushLaptop#00 I: Configuration log_encoding = "utf-8"
2022-04-06T03:58:34+00:00 KushLaptop#00 I: Configuration output_junit_file = "none"
2022-04-06T03:58:34+00:00 KushLaptop#00 I: Configuration ci = "false"
2022-04-06T03:58:34+00:00 KushLaptop#00 I: Configuration output_file = "/mnt/c/users/kusha/documents/github/cmsc330/personalcode/project3/_build/oUnit-$(suite_name)-$(shard_id).log"
2022-04-06T03:58:34+00:00 KushLaptop#00 I: Using 4 workers maximum.
2022-04-06T03:58:34+00:00 KushLaptop#00 I: Starting worker number KushLaptop#01.
2022-04-06T03:58:34+00:00 KushLaptop#00 I: Worker KushLaptop#01 started.
2022-04-06T03:58:34+00:00 KushLaptop#00 I: Starting worker number KushLaptop#02.
2022-04-06T03:58:34+00:00 KushLaptop#00 I: Worker KushLaptop#02 started.
2022-04-06T03:58:34+00:00 KushLaptop#00 I: Starting worker number KushLaptop#03.
2022-04-06T03:58:34+00:00 KushLaptop#00 I: Worker KushLaptop#03 started.
2022-04-06T03:58:34+00:00 KushLaptop#00 I: Starting worker number KushLaptop#04.
2022-04-06T03:58:34+00:00 KushLaptop#00 I: Worker KushLaptop#04 started.
2022-04-06T03:58:34+00:00 KushLaptop#00 I: 4 tests running: public:3:nfa_to_dfa, public:2:nfa_move, public:1:nfa_closure, public:0:nfa_accept.
2022-04-06T03:58:34+00:00 KushLaptop#01 I: Start test public:0:nfa_accept.
2022-04-06T03:58:34+00:00 KushLaptop#02 I: Start test public:1:nfa_closure.
2022-04-06T03:58:34+00:00 KushLaptop#00 I: 4 tests running: public:3:nfa_to_dfa, public:2:nfa_move, public:1:nfa_closure, public:0:nfa_accept.
2022-04-06T03:58:34+00:00 KushLaptop#01 W: Skip test public:0:nfa_accept: Test disabled.
2022-04-06T03:58:34+00:00 KushLaptop#02 I: Test public:1:nfa_closure is successful.
2022-04-06T03:58:34+00:00 KushLaptop#00 I: 4 tests running: public:3:nfa_to_dfa, public:2:nfa_move, public:1:nfa_closure, public:0:nfa_accept.
2022-04-06T03:58:34+00:00 KushLaptop#01 I: End test public:0:nfa_accept.
2022-04-06T03:58:34+00:00 KushLaptop#02 I: End test public:1:nfa_closure.
2022-04-06T03:58:34+00:00 KushLaptop#03 I: Start test public:2:nfa_move.
2022-04-06T03:58:34+00:00 KushLaptop#00 I: 4 tests running: public:3:nfa_to_dfa, public:2:nfa_move, public:1:nfa_closure, public:0:nfa_accept.
2022-04-06T03:58:34+00:00 KushLaptop#03 W: Skip test public:2:nfa_move: Test disabled.
2022-04-06T03:58:34+00:00 KushLaptop#04 I: Start test public:3:nfa_to_dfa.
2022-04-06T03:58:34+00:00 KushLaptop#00 I: 4 tests running: public:5:str_to_nfa, public:4:re_to_nfa, public:3:nfa_to_dfa, public:2:nfa_move.
2022-04-06T03:58:34+00:00 KushLaptop#03 I: End test public:2:nfa_move.
2022-04-06T03:58:34+00:00 KushLaptop#04 W: Skip test public:3:nfa_to_dfa: Test disabled.
2022-04-06T03:58:34+00:00 KushLaptop#02 I: Start test public:4:re_to_nfa.
2022-04-06T03:58:34+00:00 KushLaptop#00 I: 4 tests running: public:5:str_to_nfa, public:4:re_to_nfa, public:3:nfa_to_dfa, public:2:nfa_move.
2022-04-06T03:58:34+00:00 KushLaptop#04 I: End test public:3:nfa_to_dfa.
2022-04-06T03:58:34+00:00 KushLaptop#02 W: Skip test public:4:re_to_nfa: Test disabled.
2022-04-06T03:58:34+00:00 KushLaptop#01 I: Start test public:5:str_to_nfa.
2022-04-06T03:58:34+00:00 KushLaptop#00 I: 4 tests running: public:6:nfa_new_states, public:5:str_to_nfa, public:4:re_to_nfa, public:3:nfa_to_dfa.
2022-04-06T03:58:34+00:00 KushLaptop#02 I: End test public:4:re_to_nfa.
2022-04-06T03:58:34+00:00 KushLaptop#01 W: Skip test public:5:str_to_nfa: Test disabled.
2022-04-06T03:58:34+00:00 KushLaptop#00 I: 4 tests running: public:7:nfa_new_trans, public:6:nfa_new_states, public:5:str_to_nfa, public:4:re_to_nfa.
2022-04-06T03:58:34+00:00 KushLaptop#01 I: End test public:5:str_to_nfa.
2022-04-06T03:58:34+00:00 KushLaptop#03 I: Start test public:6:nfa_new_states.
2022-04-06T03:58:34+00:00 KushLaptop#00 I: 4 tests running: public:8:nfa_new_finals, public:7:nfa_new_trans, public:6:nfa_new_states, public:5:str_to_nfa.
2022-04-06T03:58:34+00:00 KushLaptop#03 W: Skip test public:6:nfa_new_states: Test disabled.
2022-04-06T03:58:34+00:00 KushLaptop#04 I: Start test public:7:nfa_new_trans.
2022-04-06T03:58:34+00:00 KushLaptop#00 I: Still 4 tests running : public:9:regex_to_nfa, public:8:nfa_new_finals, public:7:nfa_new_trans, public:6:nfa_new_states.
2022-04-06T03:58:34+00:00 KushLaptop#00 I: 4 tests running: public:9:regex_to_nfa, public:8:nfa_new_finals, public:7:nfa_new_trans, public:6:nfa_new_states.
2022-04-06T03:58:34+00:00 KushLaptop#03 I: End test public:6:nfa_new_states.
2022-04-06T03:58:34+00:00 KushLaptop#04 W: Skip test public:7:nfa_new_trans: Test disabled.
2022-04-06T03:58:34+00:00 KushLaptop#02 I: Start test public:8:nfa_new_finals.
2022-04-06T03:58:34+00:00 KushLaptop#01 I: Start test public:9:regex_to_nfa.
2022-04-06T03:58:34+00:00 KushLaptop#00 I: Still 4 tests running : public:9:regex_to_nfa, public:8:nfa_new_finals, public:7:nfa_new_trans, public:6:nfa_new_states.
2022-04-06T03:58:34+00:00 KushLaptop#00 I: 4 tests running: public:9:regex_to_nfa, public:8:nfa_new_finals, public:7:nfa_new_trans, public:6:nfa_new_states.
2022-04-06T03:58:34+00:00 KushLaptop#04 I: End test public:7:nfa_new_trans.
2022-04-06T03:58:34+00:00 KushLaptop#02 W: Skip test public:8:nfa_new_finals: Test disabled.
2022-04-06T03:58:34+00:00 KushLaptop#01 W: Skip test public:9:regex_to_nfa: Test disabled.
2022-04-06T03:58:34+00:00 KushLaptop#00 I: Still 3 tests running : public:9:regex_to_nfa, public:8:nfa_new_finals, public:7:nfa_new_trans.
2022-04-06T03:58:34+00:00 KushLaptop#00 I: 3 tests running: public:9:regex_to_nfa, public:8:nfa_new_finals, public:7:nfa_new_trans.
2022-04-06T03:58:34+00:00 KushLaptop#02 I: End test public:8:nfa_new_finals.
2022-04-06T03:58:34+00:00 KushLaptop#01 I: End test public:9:regex_to_nfa.
2022-04-06T03:58:34+00:00 KushLaptop#00 I: Still 2 tests running : public:9:regex_to_nfa, public:8:nfa_new_finals.
2022-04-06T03:58:34+00:00 KushLaptop#00 I: 2 tests running: public:9:regex_to_nfa, public:8:nfa_new_finals.
2022-04-06T03:58:34+00:00 KushLaptop#00 I: 0 tests running: .
2022-04-06T03:58:34+00:00 KushLaptop#00 I: Worker KushLaptop#03 has ended.
2022-04-06T03:58:34+00:00 KushLaptop#00 I: Worker KushLaptop#04 has ended.
2022-04-06T03:58:34+00:00 KushLaptop#00 I: Worker KushLaptop#02 has ended.
2022-04-06T03:58:34+00:00 KushLaptop#00 I: Worker KushLaptop#01 has ended.
2022-04-06T03:58:34+00:00 KushLaptop#00 I: Used 4 worker during test execution.
2022-04-06T03:58:34+00:00 KushLaptop#00 I: Run 2 tests with shard KushLaptop#04.
2022-04-06T03:58:34+00:00 KushLaptop#00 I: Run 3 tests with shard KushLaptop#01.
2022-04-06T03:58:34+00:00 KushLaptop#00 I: Run 3 tests with shard KushLaptop#02.
2022-04-06T03:58:34+00:00 KushLaptop#00 I: Run 2 tests with shard KushLaptop#03.
2022-04-06T03:58:34+00:00 KushLaptop#00 I: Check health of shard KushLaptop#04, 2 times.
2022-04-06T03:58:34+00:00 KushLaptop#00 I: Check health of shard KushLaptop#01, 1 times.
2022-04-06T03:58:34+00:00 KushLaptop#00 I: Check health of shard KushLaptop#02, 1 times.
2022-04-06T03:58:34+00:00 KushLaptop#00 I: Check health of shard KushLaptop#03, 3 times.
2022-04-06T03:58:34+00:00 KushLaptop#00 I: ==============
2022-04-06T03:58:34+00:00 KushLaptop#00 I: Summary:
2022-04-06T03:58:34+00:00 KushLaptop#00 W: Skip test public:9:regex_to_nfa: Test disabled.
2022-04-06T03:58:34+00:00 KushLaptop#00 W: Skip test public:8:nfa_new_finals: Test disabled.
2022-04-06T03:58:34+00:00 KushLaptop#00 W: Skip test public:7:nfa_new_trans: Test disabled.
2022-04-06T03:58:34+00:00 KushLaptop#00 W: Skip test public:6:nfa_new_states: Test disabled.
2022-04-06T03:58:34+00:00 KushLaptop#00 W: Skip test public:5:str_to_nfa: Test disabled.
2022-04-06T03:58:34+00:00 KushLaptop#00 W: Skip test public:4:re_to_nfa: Test disabled.
2022-04-06T03:58:34+00:00 KushLaptop#00 W: Skip test public:3:nfa_to_dfa: Test disabled.
2022-04-06T03:58:34+00:00 KushLaptop#00 W: Skip test public:2:nfa_move: Test disabled.
2022-04-06T03:58:34+00:00 KushLaptop#00 I: Test public:1:nfa_closure is successful.
2022-04-06T03:58:34+00:00 KushLaptop#00 W: Skip test public:0:nfa_accept: Test disabled.
2022-04-06T03:58:34+00:00 KushLaptop#00 I: Ran: 10 tests in: 0.13 seconds.
2022-04-06T03:58:34+00:00 KushLaptop#00 I: Cases: 10.
2022-04-06T03:58:34+00:00 KushLaptop#00 I: Tried: 10.
2022-04-06T03:58:34+00:00 KushLaptop#00 I: Errors: 0.
2022-04-06T03:58:34+00:00 KushLaptop#00 I: Failures: 0.
2022-04-06T03:58:34+00:00 KushLaptop#00 I: Skip: 9.
2022-04-06T03:58:34+00:00 KushLaptop#00 I: Todo: 0.
2022-04-06T03:58:34+00:00 KushLaptop#00 I: Timeout: 0.
